This is pdfTeX, Version 3.1415926-2.5-1.40.14 (TeX Live 2013/Debian) (format=latex 2014.4.21)  21 APR 2014 22:10
entering extended mode
 restricted \write18 enabled.
 %&-line parsing enabled.
**relatorio.tex
(./relatorio.tex
LaTeX2e <2011/06/27>
Babel <3.9f> and hyphenation patterns for 2 languages loaded.
(/usr/share/texlive/texmf-dist/tex/latex/base/article.cls
Document Class: article 2007/10/19 v1.4h Standard LaTeX document class
(/usr/share/texlive/texmf-dist/tex/latex/base/size10.clo
File: size10.clo 2007/10/19 v1.4h Standard LaTeX file (size option)
)
\c@part=\count79
\c@section=\count80
\c@subsection=\count81
\c@subsubsection=\count82
\c@paragraph=\count83
\c@subparagraph=\count84
\c@figure=\count85
\c@table=\count86
\abovecaptionskip=\skip41
\belowcaptionskip=\skip42
\bibindent=\dimen102
)
No file relatorio.aux.
\openout1 = `relatorio.aux'.

LaTeX Font Info:    Checking defaults for OML/cmm/m/it on input line 5.
LaTeX Font Info:    ... okay on input line 5.
LaTeX Font Info:    Checking defaults for T1/cmr/m/n on input line 5.
LaTeX Font Info:    ... okay on input line 5.
LaTeX Font Info:    Checking defaults for OT1/cmr/m/n on input line 5.
LaTeX Font Info:    ... okay on input line 5.
LaTeX Font Info:    Checking defaults for OMS/cmsy/m/n on input line 5.
LaTeX Font Info:    ... okay on input line 5.
LaTeX Font Info:    Checking defaults for OMX/cmex/m/n on input line 5.
LaTeX Font Info:    ... okay on input line 5.
LaTeX Font Info:    Checking defaults for U/cmr/m/n on input line 5.
LaTeX Font Info:    ... okay on input line 5.
Missing character: There is no Ã in font cmr10!
Missing character: There is no ¡ in font cmr10!

Underfull \hbox (badness 10000) in paragraph at lines 7--67

 []


Underfull \hbox (badness 10000) in paragraph at lines 7--67

 []


Underfull \hbox (badness 10000) in paragraph at lines 7--67

 []


Underfull \hbox (badness 10000) in paragraph at lines 7--67

 []


Underfull \hbox (badness 10000) in paragraph at lines 7--67

 []


Underfull \hbox (badness 10000) in paragraph at lines 7--67

 []


Underfull \hbox (badness 10000) in paragraph at lines 7--67

 []


Underfull \hbox (badness 10000) in paragraph at lines 7--67

 []


Underfull \hbox (badness 10000) in paragraph at lines 7--67

 []

[1

] (./relatorio.aux) ) 
Here is how much of TeX's memory you used:
 198 strings out of 495032
 2134 string characters out of 6181557
 50619 words of memory out of 5000000
 3494 multiletter control sequences out of 15000+600000
 3640 words of font info for 14 fonts, out of 8000000 for 9000
 14 hyphenation exceptions out of 8191
 23i,4n,17p,140b,107s stack positions out of 5000i,500n,10000p,200000b,80000s

Output written on relatorio.dvi (1 page, 3140 bytes).
